[18:52:58.977435]:Valid Animes: 
[18:52:58.977435]:		one piece
[18:52:58.977435]:		boruto: naruto next generations
[18:52:58.977435]:		the seven deadly sins: dragon's judgment
[18:52:58.977435]:		kumo desu ga, nani ka?
[18:52:58.977435]:		back arrow
[18:52:58.977435]:		fruits basket: the final
[18:52:58.977435]:		yuukoku no moriarty 2nd season
[18:52:58.977435]:		ssss.dynazenon
[18:52:58.977435]:		boku no hero academia 5th season
[18:52:58.977435]:		zombieland saga: revenge
[18:52:58.977435]:		isekai maou to shoukan shoujo no dorei majutsu ω
[18:52:58.977435]:		tensura nikki: tensei shitara slime datta ken
[18:52:58.977435]:		koi to yobu ni wa kimochi warui
[18:52:58.977435]:		edens zero
[18:52:58.977435]:		kyuukyoku shinka shita full dive rpg ga genjitsu yori mo kusoge dattara
[18:52:58.977435]:		shaman king (2021)
[18:52:58.977435]:		sentouin, hakenshimasu!
[18:52:58.977435]:		seven knights revolution: eiyuu no keishousha
[18:52:58.977435]:		hige wo soru. soshite joshikousei wo hirou.
[18:52:58.977435]:		seijo no maryoku wa bannou desu
[18:52:58.977435]:		subarashiki kono sekai the animation
[18:52:58.977435]:		slime taoshite 300-nen, shiranai uchi ni level max ni nattemashita
[18:52:58.977435]:		tokyo revengers
[18:52:58.977435]:		86
[18:52:58.977435]:		mairimashita! iruma-kun 2nd season
[18:52:58.977435]:		fumetsu no anata e
[18:52:58.977435]:		vivy: fluorite eye's song
[18:52:58.977435]:		jouran: the princess of snow and blood
[18:52:58.977435]:Already Downloaded Animes: 
[18:52:58.977435]:		zombieland saga: revenge, EP: 12
[18:53:08.704647]:no of all animes: 48
[18:53:08.704647]:Filtering the following animes: 
[18:53:08.704647]:		Mini Dragon, EP: 13
[18:53:08.704647]:		Tian Bao Fuyao Lu 2nd Season, EP: 8
[18:53:08.704647]:		Wan Jie Xian Zong 5th Season, EP: 3
[18:53:08.704647]:		Tensei shitara Slime Datta Ken 2nd Season Part 2, EP: 0
[18:53:08.704647]:		Futatsu no Spica, EP: 20
[18:53:08.704647]:		Masou Gakuen HxH Specials, EP: 6
[18:53:08.704647]:		Yu☆Gi☆Oh! SEVENS, EP: 54
[18:53:08.719709]:		Tai Yi Xian Mo Lu Zhi Ling Fei Ji IV, EP: 7
[18:53:08.719709]:		Juan Siliang, EP: 4
[18:53:08.719709]:		Wu Shang Shen Di 2nd Season, EP: 14
[18:53:08.719709]:		Nagagutsu wo Haita Neko, EP: 1
[18:53:08.719709]:		One Punch Man 2nd Season Commemorative Special, EP: 1
[18:53:08.719709]:		Mars Red, EP: 13
[18:53:08.719709]:		Odd Taxi, EP: 13
[18:53:08.719709]:		Fruits Basket: The Final, EP: 13
[18:53:08.719709]:		Fumetsu no Anata e, EP: 12
[18:53:08.719709]:		Itazuraguma no Gloomy, EP: 12
[18:53:08.719709]:		Hige wo Soru. Soshite Joshikousei wo Hirou., EP: 13
[18:53:08.719709]:		Corrector Yui, EP: 27
[18:53:08.719709]:		Li Linke De Xiao Guaner, EP: 9
[18:53:08.719709]:		Misute♡naide Daisy, EP: 12
[18:53:08.719709]:		Xinghe Zhizun, EP: 9
[18:53:08.719709]:		Kiratto Pri☆Chan Season 3, EP: 133
[18:53:08.719709]:		Vivy: Fluorite Eye's Song - To Make Everyone Happy With My Singing, EP: 1
[18:53:08.719709]:		Vivy: Fluorite Eye's Song - To Make Everyone Happy With My Singing, EP: 1
[18:53:08.719709]:		Kuang Shen Mo Zun, EP: 20
[18:53:08.719709]:		Kingdom Season 3, EP: 13
[18:53:08.719709]:		Sayonara Watashi no Cramer, EP: 13
[18:53:08.719709]:		Nomad: Megalo Box 2, EP: 13
[18:53:08.719709]:		Yuukoku no Moriarty 2nd Season, EP: 13
[18:53:08.719709]:		Shinkansen Henkei Robo Shinkalion Z the Animation, EP: 12
[18:53:08.719709]:		Boruto: Naruto Next Generations, EP: 205
[18:53:08.719709]:		Digimon Adventure (2020), EP: 54
[18:53:08.719709]:		One Piece, EP: 980
[18:53:08.719709]:		Tropical-Rouge! Precure, EP: 39
[18:53:08.719709]:		Edens Zero, EP: 12
[18:53:08.719709]:		Tokyo Revengers (Uncensored), EP: 12
[18:53:08.719709]:		Bishounen Tanteidan, EP: 12
[18:53:08.719709]:		Tokyo Revengers, EP: 12
[18:53:08.719709]:		Shadows House, EP: 12
[18:53:08.719709]:		86 Special Edition: Senya ni Akaku Hinageshi no Saku, EP: 1
[18:53:08.719709]:		Battle Athletess Daiundoukai ReSTART!, EP: 12
[18:53:08.719709]:		Ijiranaide, Nagatoro-san, EP: 12
[18:53:08.719709]:		Thunderbolt Fantasy Sword Seekers 3, EP: 13
[18:53:08.719709]:		Detective Conan, EP: 1010
[18:53:08.719709]:		Mairimashita! Iruma-kun 2nd Season, EP: 11
[18:53:08.719709]:		Slime Taoshite 300-nen, Shiranai Uchi ni Level Max ni Nattemashita, EP: 12
[18:53:08.719709]:		Boku no Hero Academia 5th Season, EP: 14
[18:53:08.719709]:downloading :11 - already downloading :0 - not valid :37
[18:53:08.719709]:Anime to download :
[18:53:08.719709]:		Fruits Basket: The Final, EP: 13
[18:53:08.719709]:		Fumetsu no Anata e, EP: 12
[18:53:08.719709]:		Hige wo Soru. Soshite Joshikousei wo Hirou., EP: 13
[18:53:08.719709]:		Yuukoku no Moriarty 2nd Season, EP: 13
[18:53:08.719709]:		Boruto: Naruto Next Generations, EP: 205
[18:53:08.719709]:		One Piece, EP: 980
[18:53:08.719709]:		Edens Zero, EP: 12
[18:53:08.719709]:		Tokyo Revengers, EP: 12
[18:53:08.719709]:		Mairimashita! Iruma-kun 2nd Season, EP: 11
[18:53:08.719709]:		Slime Taoshite 300-nen, Shiranai Uchi ni Level Max ni Nattemashita, EP: 12
[18:53:08.719709]:		Boku no Hero Academia 5th Season, EP: 14
[18:53:08.719709]:Anime that have already been downloaded :
[18:53:08.719709]:Anime that are not valid :
[18:53:08.719709]:		Mini Dragon, EP: 13
[18:53:08.719709]:		Tian Bao Fuyao Lu 2nd Season, EP: 8
[18:53:08.719709]:		Wan Jie Xian Zong 5th Season, EP: 3
[18:53:08.719709]:		Tensei shitara Slime Datta Ken 2nd Season Part 2, EP: 0
[18:53:08.719709]:		Futatsu no Spica, EP: 20
[18:53:08.719709]:		Masou Gakuen HxH Specials, EP: 6
[18:53:08.719709]:		Yu☆Gi☆Oh! SEVENS, EP: 54
[18:53:08.719709]:		Tai Yi Xian Mo Lu Zhi Ling Fei Ji IV, EP: 7
[18:53:08.719709]:		Juan Siliang, EP: 4
[18:53:08.719709]:		Wu Shang Shen Di 2nd Season, EP: 14
[18:53:08.719709]:		Nagagutsu wo Haita Neko, EP: 1
[18:53:08.719709]:		One Punch Man 2nd Season Commemorative Special, EP: 1
[18:53:08.719709]:		Mars Red, EP: 13
[18:53:08.719709]:		Odd Taxi, EP: 13
[18:53:08.719709]:		Itazuraguma no Gloomy, EP: 12
[18:53:08.719709]:		Corrector Yui, EP: 27
[18:53:08.719709]:		Li Linke De Xiao Guaner, EP: 9
[18:53:08.719709]:		Misute♡naide Daisy, EP: 12
[18:53:08.719709]:		Xinghe Zhizun, EP: 9
[18:53:08.719709]:		Kiratto Pri☆Chan Season 3, EP: 133
[18:53:08.719709]:		Vivy: Fluorite Eye's Song - To Make Everyone Happy With My Singing, EP: 1
[18:53:08.719709]:		Vivy: Fluorite Eye's Song - To Make Everyone Happy With My Singing, EP: 1
[18:53:08.719709]:		Kuang Shen Mo Zun, EP: 20
[18:53:08.719709]:		Kingdom Season 3, EP: 13
[18:53:08.719709]:		Sayonara Watashi no Cramer, EP: 13
[18:53:08.719709]:		Nomad: Megalo Box 2, EP: 13
[18:53:08.719709]:		Shinkansen Henkei Robo Shinkalion Z the Animation, EP: 12
[18:53:08.719709]:		Digimon Adventure (2020), EP: 54
[18:53:08.719709]:		Tropical-Rouge! Precure, EP: 39
[18:53:08.719709]:		Tokyo Revengers (Uncensored), EP: 12
[18:53:08.719709]:		Bishounen Tanteidan, EP: 12
[18:53:08.719709]:		Shadows House, EP: 12
[18:53:08.719709]:		86 Special Edition: Senya ni Akaku Hinageshi no Saku, EP: 1
[18:53:08.719709]:		Battle Athletess Daiundoukai ReSTART!, EP: 12
[18:53:08.719709]:		Ijiranaide, Nagatoro-san, EP: 12
[18:53:08.719709]:		Thunderbolt Fantasy Sword Seekers 3, EP: 13
[18:53:08.719709]:		Detective Conan, EP: 1010
[18:53:08.724471]:Attempting to find the download link for the anime: Fruits Basket: The Final, url: https://animekisa.tv/fruits-basket-the-final-episode-13
[18:53:10.594446]:Error occurred loading page of anime: Fruits Basket: The Final, url: https://animekisa.tv/fruits-basket-the-final-episode-13, error: no such element: Unable to locate element: {"method":"css selector","selector":"[id="title"]"}
  (Session info: chrome=91.0.4472.124), trying again attempt no :1 out of 5
[18:53:10.633158]:Execution Completed Successfully